Build started 2/2/2015 2:03:05 AM.
     1>Project "C:\Users\Evonee\Documents\CSE 169\p1\Project1\Project1.vcxproj" on node 2 (Build target(s)).
     1>ClCompile:
         C:\Program Files (x86)\Microsoft Visual Studio 12.0\VC\bin\CL.exe /c /I"C:\Users\Evonee\Documents\glew-1.12.0-win32\glew-1.12.0\include" /I"C:\glut\glut-3.7.6-bin" /ZI /nologo /W3 /WX- /sdl /Od /Oy- /D _MBCS /Gm /EHsc /RTC1 /MDd /GS- /fp:precise /Zc:wchar_t /Zc:forScope /Fo"Debug\\" /Fd"Debug\vc120.pdb" /Gd /TP /analyze- /errorReport:prompt tester.cpp
     1>cl : Command line warning D9025: overriding '/sdl' with '/GS-'
         tester.cpp
     1>c:\users\evonee\documents\cse 169\p1\project1\tester.cpp(227): warning C4018: '>=' : signed/unsigned mismatch
     1>c:\users\evonee\documents\cse 169\p1\project1\tester.cpp(239): warning C4018: '>=' : signed/unsigned mismatch
     1>c:\users\evonee\documents\cse 169\p1\project1\tester.cpp(245): warning C4018: '>=' : signed/unsigned mismatch
       Link:
         C:\Program Files (x86)\Microsoft Visual Studio 12.0\VC\bin\link.exe /ERRORREPORT:PROMPT /OUT:"C:\Users\Evonee\Documents\CSE 169\p1\Project1\Debug\Project1.exe" /INCREMENTAL /NOLOGO /LIBPATH:"C:\Users\Evonee\Documents\glew-1.12.0-win32\glew-1.12.0\lib\Release\x64" /LIBPATH:"C:\glut\glut-3.7.6-bin" glew32.lib kernel32.lib user32.lib gdi32.lib winspool.lib comdlg32.lib advapi32.lib shell32.lib ole32.lib oleaut32.lib uuid.lib odbc32.lib odbccp32.lib /MANIFEST /MANIFESTUAC:"level='asInvoker' uiAccess='false'" /manifest:embed /DEBUG /PDB:"C:\Users\Evonee\Documents\CSE 169\p1\Project1\Debug\Project1.pdb" /TLBID:1 /DYNAMICBASE /NXCOMPAT /IMPLIB:"C:\Users\Evonee\Documents\CSE 169\p1\Project1\Debug\Project1.lib" /MACHINE:X86 Debug\glew.obj
         Debug\camera.obj
         Debug\core.obj
         Debug\cube.obj
         Debug\Dof.obj
         Debug\Joint.obj
         Debug\Light.obj
         Debug\Material.obj
         Debug\matrix34.obj
         Debug\Shader.obj
         Debug\Skeleton.obj
         Debug\Skin.obj
         Debug\Skinweight.obj
         Debug\tester.obj
         Debug\token.obj
         Debug\vector3.obj
         Project1.vcxproj -> C:\Users\Evonee\Documents\CSE 169\p1\Project1\Debug\Project1.exe
     1>Done Building Project "C:\Users\Evonee\Documents\CSE 169\p1\Project1\Project1.vcxproj" (Build target(s)).

Build succeeded.

Time Elapsed 00:00:02.78
