c:\users\evonee\documents\cse 169\project1\debug\vc120.pdb
c:\users\evonee\documents\cse 169\project1\debug\vc120.idb
c:\users\evonee\documents\cse 169\project1\debug\camera.obj
c:\users\evonee\documents\cse 169\project1\debug\core.obj
c:\users\evonee\documents\cse 169\project1\debug\cube.obj
c:\users\evonee\documents\cse 169\project1\debug\matrix34.obj
c:\users\evonee\documents\cse 169\project1\debug\tester.obj
c:\users\evonee\documents\cse 169\project1\debug\vector3.obj
c:\users\evonee\documents\cse 169\project1\debug\token.obj
c:\users\evonee\documents\cse 169\project1\debug\project1.ilk
c:\users\evonee\documents\cse 169\project1\debug\project1.exe
c:\users\evonee\documents\cse 169\project1\debug\project1.pdb
c:\users\evonee\documents\cse 169\p1\project1\debug\camera.obj
c:\users\evonee\documents\cse 169\p1\project1\debug\core.obj
c:\users\evonee\documents\cse 169\p1\project1\debug\cube.obj
c:\users\evonee\documents\cse 169\p1\project1\debug\matrix34.obj
c:\users\evonee\documents\cse 169\p1\project1\debug\tester.obj
c:\users\evonee\documents\cse 169\p1\project1\debug\token.obj
c:\users\evonee\documents\cse 169\p1\project1\debug\vector3.obj
c:\users\evonee\documents\cse 169\p1\project1\debug\project1.ilk
c:\users\evonee\documents\cse 169\p1\project1\debug\vc120.idb
c:\users\evonee\documents\cse 169\p1\project1\debug\project1.pdb
c:\users\evonee\documents\cse 169\p1\project1\debug\vc120.pdb
c:\users\evonee\documents\cse 169\p1\project1\debug\project1.exe
c:\users\evonee\documents\cse 169\p1\project1\debug\project1.tlog\cl.command.1.tlog
c:\users\evonee\documents\cse 169\p1\project1\debug\project1.tlog\cl.read.1.tlog
c:\users\evonee\documents\cse 169\p1\project1\debug\project1.tlog\cl.write.1.tlog
c:\users\evonee\documents\cse 169\p1\project1\debug\project1.tlog\link.command.1.tlog
c:\users\evonee\documents\cse 169\p1\project1\debug\project1.tlog\link.read.1.tlog
c:\users\evonee\documents\cse 169\p1\project1\debug\project1.tlog\link.write.1.tlog
